<?xml version="1.0" encoding="UTF-8"?>
<!-- Generated by org.testng.reporters.JUnitXMLReporter -->
<testsuite ignored="0" hostname="Mekawy" failures="0" tests="4" name="loginTestingchrome" time="14.858" errors="0" timestamp="2021-12-15T14:32:20 EET">
  <testcase classname="tests.ValeoTest" name="emptyPasswordTest_REQ_0001" time="1.198"/>
  <testcase classname="tests.ValeoTest" name="emptyUsernameTest_REQ_0001" time="1.126"/>
  <testcase classname="tests.ValeoTest" name="invalidLoginCredential_REQ_0002" time="1.073"/>
  <testcase classname="tests.ValeoTest" name="successLoginTest_REQ_0003" time="1.635"/>
</testsuite> <!-- loginTestingchrome -->
