<?xml version="1.0" encoding="UTF-8"?>
<!-- Generated by org.testng.reporters.JUnitXMLReporter -->
<testsuite ignored="0" hostname="Mekawy" failures="0" tests="4" name="loginTestingfirefox" time="20.638" errors="0" timestamp="2021-12-15T14:32:26 EET">
  <testcase classname="tests.ValeoTest" name="emptyPasswordTest_REQ_0001" time="1.074"/>
  <testcase classname="tests.ValeoTest" name="emptyUsernameTest_REQ_0001" time="1.517"/>
  <testcase classname="tests.ValeoTest" name="invalidLoginCredential_REQ_0002" time="1.05"/>
  <testcase classname="tests.ValeoTest" name="successLoginTest_REQ_0003" time="1.103"/>
</testsuite> <!-- loginTestingfirefox -->
