<?xml version="1.0" encoding="UTF-8"?>
<!-- Generated by org.testng.reporters.JUnitXMLReporter -->
<testsuite ignored="0" hostname="Mekawy" failures="0" tests="4" name="loginTestChrome" time="12.671" errors="0" timestamp="2021-12-15T03:31:36 EET">
  <testcase classname="tests.ValeoTest" name="emptyPasswordTest_REQ_0001" time="4.929"/>
  <testcase classname="tests.ValeoTest" name="emptyUsernameTest_REQ_0001" time="1.948"/>
  <testcase classname="tests.ValeoTest" name="invalidLoginCredential_REQ_0002" time="1.847"/>
  <testcase classname="tests.ValeoTest" name="successLoginTest_REQ_0003" time="3.789"/>
</testsuite> <!-- loginTestChrome -->
