<?xml version="1.0" encoding="UTF-8"?>
<!-- Generated by org.testng.reporters.JUnitXMLReporter -->
<testsuite ignored="0" hostname="Mekawy" failures="0" tests="4" name="loginTesting" time="19.454" errors="0" timestamp="2021-12-15T14:00:31 EET">
  <testcase classname="tests.ValeoTest" name="emptyPasswordTest_REQ_0001" time="1.495"/>
  <testcase classname="tests.ValeoTest" name="emptyUsernameTest_REQ_0001" time="1.06"/>
  <testcase classname="tests.ValeoTest" name="invalidLoginCredential_REQ_0002" time="1.056"/>
  <testcase classname="tests.ValeoTest" name="successLoginTest_REQ_0003" time="1.188"/>
</testsuite> <!-- loginTesting -->
