<?xml version="1.0" encoding="UTF-8"?>
<testng-results ignored="0" total="8" passed="8" failed="0" skipped="0">
  <reporter-output>
  </reporter-output>
  <suite started-at="2021-12-15T14:32:05 EET" name="herokuapp" finished-at="2021-12-15T14:32:26 EET" duration-ms="20638">
    <groups>
    </groups>
    <test started-at="2021-12-15T14:32:05 EET" name="loginTestingchrome" finished-at="2021-12-15T14:32:20 EET" duration-ms="14858">
      <class name="tests.ValeoTest">
        <test-method is-config="true" signature="setUp(java.lang.String)[pri:0, instance:tests.ValeoTest@481ba2cf]" started-at="2021-12-15T14:32:05 EET" name="setUp" finished-at="2021-12-15T14:32:14 EET" duration-ms="9419" status="PASS">
          <params>
            <param index="0">
              <value>
                <![CDATA[chrome]]>
              </value>
            </param>
          </params>
          <reporter-output>
          </reporter-output>
        </test-method> <!-- setUp -->
        <test-method signature="emptyPasswordTest_REQ_0001()[pri:0, instance:tests.ValeoTest@481ba2cf]" started-at="2021-12-15T14:32:14 EET" name="emptyPasswordTest_REQ_0001" finished-at="2021-12-15T14:32:16 EET" duration-ms="1198" status="PASS">
          <reporter-output>
          </reporter-output>
        </test-method> <!-- emptyPasswordTest_REQ_0001 -->
        <test-method signature="emptyUsernameTest_REQ_0001()[pri:0, instance:tests.ValeoTest@481ba2cf]" started-at="2021-12-15T14:32:16 EET" name="emptyUsernameTest_REQ_0001" finished-at="2021-12-15T14:32:17 EET" duration-ms="1126" status="PASS">
          <reporter-output>
          </reporter-output>
        </test-method> <!-- emptyUsernameTest_REQ_0001 -->
        <test-method signature="invalidLoginCredential_REQ_0002()[pri:0, instance:tests.ValeoTest@481ba2cf]" started-at="2021-12-15T14:32:17 EET" name="invalidLoginCredential_REQ_0002" finished-at="2021-12-15T14:32:18 EET" duration-ms="1073" status="PASS">
          <reporter-output>
          </reporter-output>
        </test-method> <!-- invalidLoginCredential_REQ_0002 -->
        <test-method signature="successLoginTest_REQ_0003()[pri:0, instance:tests.ValeoTest@481ba2cf]" started-at="2021-12-15T14:32:18 EET" name="successLoginTest_REQ_0003" finished-at="2021-12-15T14:32:20 EET" duration-ms="1635" status="PASS">
          <reporter-output>
          </reporter-output>
        </test-method> <!-- successLoginTest_REQ_0003 -->
        <test-method is-config="true" signature="stopDriver()[pri:0, instance:tests.ValeoTest@481ba2cf]" started-at="2021-12-15T14:32:20 EET" name="stopDriver" finished-at="2021-12-15T14:32:20 EET" duration-ms="197" status="PASS">
          <reporter-output>
          </reporter-output>
        </test-method> <!-- stopDriver -->
      </class> <!-- tests.ValeoTest -->
    </test> <!-- loginTestingchrome -->
    <test started-at="2021-12-15T14:32:05 EET" name="loginTestingfirefox" finished-at="2021-12-15T14:32:26 EET" duration-ms="20638">
      <class name="tests.ValeoTest">
        <test-method is-config="true" signature="setUp(java.lang.String)[pri:0, instance:tests.ValeoTest@119cbf96]" started-at="2021-12-15T14:32:05 EET" name="setUp" finished-at="2021-12-15T14:32:19 EET" duration-ms="14448" status="PASS">
          <params>
            <param index="0">
              <value>
                <![CDATA[firefox]]>
              </value>
            </param>
          </params>
          <reporter-output>
          </reporter-output>
        </test-method> <!-- setUp -->
        <test-method signature="emptyPasswordTest_REQ_0001()[pri:0, instance:tests.ValeoTest@119cbf96]" started-at="2021-12-15T14:32:19 EET" name="emptyPasswordTest_REQ_0001" finished-at="2021-12-15T14:32:20 EET" duration-ms="1074" status="PASS">
          <reporter-output>
          </reporter-output>
        </test-method> <!-- emptyPasswordTest_REQ_0001 -->
        <test-method signature="emptyUsernameTest_REQ_0001()[pri:0, instance:tests.ValeoTest@119cbf96]" started-at="2021-12-15T14:32:20 EET" name="emptyUsernameTest_REQ_0001" finished-at="2021-12-15T14:32:22 EET" duration-ms="1517" status="PASS">
          <reporter-output>
          </reporter-output>
        </test-method> <!-- emptyUsernameTest_REQ_0001 -->
        <test-method signature="invalidLoginCredential_REQ_0002()[pri:0, instance:tests.ValeoTest@119cbf96]" started-at="2021-12-15T14:32:22 EET" name="invalidLoginCredential_REQ_0002" finished-at="2021-12-15T14:32:23 EET" duration-ms="1050" status="PASS">
          <reporter-output>
          </reporter-output>
        </test-method> <!-- invalidLoginCredential_REQ_0002 -->
        <test-method signature="successLoginTest_REQ_0003()[pri:0, instance:tests.ValeoTest@119cbf96]" started-at="2021-12-15T14:32:23 EET" name="successLoginTest_REQ_0003" finished-at="2021-12-15T14:32:24 EET" duration-ms="1103" status="PASS">
          <reporter-output>
          </reporter-output>
        </test-method> <!-- successLoginTest_REQ_0003 -->
        <test-method is-config="true" signature="stopDriver()[pri:0, instance:tests.ValeoTest@119cbf96]" started-at="2021-12-15T14:32:24 EET" name="stopDriver" finished-at="2021-12-15T14:32:26 EET" duration-ms="1365" status="PASS">
          <reporter-output>
          </reporter-output>
        </test-method> <!-- stopDriver -->
      </class> <!-- tests.ValeoTest -->
    </test> <!-- loginTestingfirefox -->
  </suite> <!-- herokuapp -->
</testng-results>
