<?xml version="1.0" encoding="UTF-8"?>
<!-- Generated by org.testng.reporters.JUnitXMLReporter -->
<testsuite ignored="0" hostname="Mekawy" failures="0" tests="4" name="Default test" time="7.898" errors="0" timestamp="2021-12-15T03:38:47 EET">
  <testcase classname="tests.ValeoTest" name="emptyPasswordTest_REQ_0001" time="1.475"/>
  <testcase classname="tests.ValeoTest" name="emptyUsernameTest_REQ_0001" time="1.703"/>
  <testcase classname="tests.ValeoTest" name="invalidLoginCredential_REQ_0002" time="2.489"/>
  <testcase classname="tests.ValeoTest" name="successLoginTest_REQ_0003" time="1.727"/>
</testsuite> <!-- Default test -->
